# JRE version: Java(TM) SE Runtime Environment (8.0_73-b02) (build 1.8.0_73-b02)
# Java VM: Java HotSpot(TM) 64-Bit Server VM (25.73-b02 mixed mode windows-amd64 compressed oops)
Heap:
 PSYoungGen      total 24576K, used 1450K [0x00000000e0000000, 0x00000000e1b00000, 0x0000000100000000)
  eden space 21504K, 2% used [0x00000000e0000000,0x00000000e006e160,0x00000000e1500000)
  from space 3072K, 32% used [0x00000000e1500000,0x00000000e15fc880,0x00000000e1800000)
  to   space 3072K, 0% used [0x00000000e1800000,0x00000000e1800000,0x00000000e1b00000)
 ParOldGen       total 65536K, used 5858K [0x00000000a0000000, 0x00000000a4000000, 0x00000000e0000000)
  object space 65536K, 8% used [0x00000000a0000000,0x00000000a05b8998,0x00000000a4000000)
 Metaspace       used 18664K, capacity 19004K, committed 19200K, reserved 1067008K
  class space    used 2394K, capacity 2497K, committed 2560K, reserved 1048576K
GC Heap History (10 events):
Event: 64.801 GC heap before
{Heap before GC invocations=27 (full 0):
 PSYoungGen      total 24576K, used 22080K [0x00000000e0000000, 0x00000000e1c00000, 0x0000000100000000)
  eden space 21504K, 100% used [0x00000000e0000000,0x00000000e1500000,0x00000000e1500000)
  from space 3072K, 18% used [0x00000000e1900000,0x00000000e1990000,0x00000000e1c00000)
  to   space 3584K, 0% used [0x00000000e1500000,0x00000000e1500000,0x00000000e1880000)
 ParOldGen       total 65536K, used 5738K [0x00000000a0000000, 0x00000000a4000000, 0x00000000e0000000)
  object space 65536K, 8% used [0x00000000a0000000,0x00000000a059a998,0x00000000a4000000)
 Metaspace       used 18537K, capacity 18864K, committed 18944K, reserved 1064960K
  class space    used 2391K, capacity 2495K, committed 2560K, reserved 1048576K
Event: 64.803 GC heap after
Heap after GC invocations=27 (full 0):
 PSYoungGen      total 25088K, used 384K [0x00000000e0000000, 0x00000000e1c00000, 0x0000000100000000)
  eden space 21504K, 0% used [0x00000000e0000000,0x00000000e0000000,0x00000000e1500000)
  from space 3584K, 10% used [0x00000000e1500000,0x00000000e1560000,0x00000000e1880000)
  to   space 3584K, 0% used [0x00000000e1880000,0x00000000e1880000,0x00000000e1c00000)
 ParOldGen       total 65536K, used 5762K [0x00000000a0000000, 0x00000000a4000000, 0x00000000e0000000)
  object space 65536K, 8% used [0x00000000a0000000,0x00000000a05a0998,0x00000000a4000000)
 Metaspace       used 18537K, capacity 18864K, committed 18944K, reserved 1064960K
  class space    used 2391K, capacity 2495K, committed 2560K, reserved 1048576K
}
Event: 65.910 GC heap before
{Heap before GC invocations=28 (full 0):
 PSYoungGen      total 25088K, used 21888K [0x00000000e0000000, 0x00000000e1c00000, 0x0000000100000000)
  eden space 21504K, 100% used [0x00000000e0000000,0x00000000e1500000,0x00000000e1500000)
  from space 3584K, 10% used [0x00000000e1500000,0x00000000e1560000,0x00000000e1880000)
  to   space 3584K, 0% used [0x00000000e1880000,0x00000000e1880000,0x00000000e1c00000)
 ParOldGen       total 65536K, used 5762K [0x00000000a0000000, 0x00000000a4000000, 0x00000000e0000000)
  object space 65536K, 8% used [0x00000000a0000000,0x00000000a05a0998,0x00000000a4000000)
 Metaspace       used 18537K, capacity 18864K, committed 18944K, reserved 1064960K
  class space    used 2391K, capacity 2495K, committed 2560K, reserved 1048576K
Event: 65.914 GC heap after
Heap after GC invocations=28 (full 0):
 PSYoungGen      total 25088K, used 384K [0x00000000e0000000, 0x00000000e1c00000, 0x0000000100000000)
  eden space 21504K, 0% used [0x00000000e0000000,0x00000000e0000000,0x00000000e1500000)
  from space 3584K, 10% used [0x00000000e1880000,0x00000000e18e0000,0x00000000e1c00000)
  to   space 3584K, 0% used [0x00000000e1500000,0x00000000e1500000,0x00000000e1880000)
 ParOldGen       total 65536K, used 5778K [0x00000000a0000000, 0x00000000a4000000, 0x00000000e0000000)
  object space 65536K, 8% used [0x00000000a0000000,0x00000000a05a4998,0x00000000a4000000)
 Metaspace       used 18537K, capacity 18864K, committed 18944K, reserved 1064960K
  class space    used 2391K, capacity 2495K, committed 2560K, reserved 1048576K
}
Event: 67.382 GC heap before
{Heap before GC invocations=29 (full 0):
 PSYoungGen      total 25088K, used 21888K [0x00000000e0000000, 0x00000000e1c00000, 0x0000000100000000)
  eden space 21504K, 100% used [0x00000000e0000000,0x00000000e1500000,0x00000000e1500000)
  from space 3584K, 10% used [0x00000000e1880000,0x00000000e18e0000,0x00000000e1c00000)
  to   space 3584K, 0% used [0x00000000e1500000,0x00000000e1500000,0x00000000e1880000)
 ParOldGen       total 65536K, used 5778K [0x00000000a0000000, 0x00000000a4000000, 0x00000000e0000000)
  object space 65536K, 8% used [0x00000000a0000000,0x00000000a05a4998,0x00000000a4000000)
 Metaspace       used 18538K, capacity 18864K, committed 18944K, reserved 1064960K
  class space    used 2391K, capacity 2495K, committed 2560K, reserved 1048576K
Event: 67.389 GC heap after
Heap after GC invocations=29 (full 0):
 PSYoungGen      total 22016K, used 320K [0x00000000e0000000, 0x00000000e1b00000, 0x0000000100000000)
  eden space 21504K, 0% used [0x00000000e0000000,0x00000000e0000000,0x00000000e1500000)
  from space 512K, 62% used [0x00000000e1500000,0x00000000e1550000,0x00000000e1580000)
  to   space 3072K, 0% used [0x00000000e1800000,0x00000000e1800000,0x00000000e1b00000)
 ParOldGen       total 65536K, used 5802K [0x00000000a0000000, 0x00000000a4000000, 0x00000000e0000000)
  object space 65536K, 8% used [0x00000000a0000000,0x00000000a05aa998,0x00000000a4000000)
 Metaspace       used 18538K, capacity 18864K, committed 18944K, reserved 1064960K
  class space    used 2391K, capacity 2495K, committed 2560K, reserved 1048576K
}
Event: 72.520 GC heap before
{Heap before GC invocations=30 (full 0):
 PSYoungGen      total 22016K, used 21824K [0x00000000e0000000, 0x00000000e1b00000, 0x0000000100000000)
  eden space 21504K, 100% used [0x00000000e0000000,0x00000000e1500000,0x00000000e1500000)
  from space 512K, 62% used [0x00000000e1500000,0x00000000e1550000,0x00000000e1580000)
  to   space 3072K, 0% used [0x00000000e1800000,0x00000000e1800000,0x00000000e1b00000)
 ParOldGen       total 65536K, used 5802K [0x00000000a0000000, 0x00000000a4000000, 0x00000000e0000000)
  object space 65536K, 8% used [0x00000000a0000000,0x00000000a05aa998,0x00000000a4000000)
 Metaspace       used 18552K, capacity 18870K, committed 18944K, reserved 1064960K
  class space    used 2392K, capacity 2496K, committed 2560K, reserved 1048576K
Event: 72.527 GC heap after
Heap after GC invocations=30 (full 0):
 PSYoungGen      total 24576K, used 384K [0x00000000e0000000, 0x00000000e1b00000, 0x0000000100000000)
  eden space 21504K, 0% used [0x00000000e0000000,0x00000000e0000000,0x00000000e1500000)
  from space 3072K, 12% used [0x00000000e1800000,0x00000000e1860000,0x00000000e1b00000)
  to   space 3072K, 0% used [0x00000000e1500000,0x00000000e1500000,0x00000000e1800000)
 ParOldGen       total 65536K, used 5826K [0x00000000a0000000, 0x00000000a4000000, 0x00000000e0000000)
  object space 65536K, 8% used [0x00000000a0000000,0x00000000a05b0998,0x00000000a4000000)
 Metaspace       used 18552K, capacity 18870K, committed 18944K, reserved 1064960K
  class space    used 2392K, capacity 2496K, committed 2560K, reserved 1048576K
}
Event: 79.640 GC heap before
{Heap before GC invocations=31 (full 0):
 PSYoungGen      total 24576K, used 21888K [0x00000000e0000000, 0x00000000e1b00000, 0x0000000100000000)
  eden space 21504K, 100% used [0x00000000e0000000,0x00000000e1500000,0x00000000e1500000)
  from space 3072K, 12% used [0x00000000e1800000,0x00000000e1860000,0x00000000e1b00000)
  to   space 3072K, 0% used [0x00000000e1500000,0x00000000e1500000,0x00000000e1800000)
 ParOldGen       total 65536K, used 5826K [0x00000000a0000000, 0x00000000a4000000, 0x00000000e0000000)
  object space 65536K, 8% used [0x00000000a0000000,0x00000000a05b0998,0x00000000a4000000)
 Metaspace       used 18664K, capacity 19004K, committed 19200K, reserved 1067008K
  class space    used 2394K, capacity 2497K, committed 2560K, reserved 1048576K
Event: 79.642 GC heap after
Heap after GC invocations=31 (full 0):
 PSYoungGen      total 24576K, used 1010K [0x00000000e0000000, 0x00000000e1b00000, 0x0000000100000000)
  eden space 21504K, 0% used [0x00000000e0000000,0x00000000e0000000,0x00000000e1500000)
  from space 3072K, 32% used [0x00000000e1500000,0x00000000e15fc880,0x00000000e1800000)
  to   space 3072K, 0% used [0x00000000e1800000,0x00000000e1800000,0x00000000e1b00000)
 ParOldGen       total 65536K, used 5858K [0x00000000a0000000, 0x00000000a4000000, 0x00000000e0000000)
  object space 65536K, 8% used [0x00000000a0000000,0x00000000a05b8998,0x00000000a4000000)
 Metaspace       used 18664K, capacity 19004K, committed 19200K, reserved 1067008K
  class space    used 2394K, capacity 2497K, committed 2560K, reserved 1048576K
}

